# JRE version: OpenJDK Runtime Environment Temurin-21.0.10+7 (21.0.10+7) (build 21.0.10+7-LTS)
# Java VM: OpenJDK 64-Bit Server VM Temurin-21.0.10+7 (21.0.10+7-LTS, mixed mode, sharing, tiered, compressed oops, compressed class ptrs, parallel gc, windows-amd64)
GC Precious Log:
 CardTable entry size: 512
 CPUs: 12 total, 12 available
 Memory: 16024M
 Large Page Support: Disabled
 NUMA Support: Disabled
 Compressed Oops: Enabled (32-bit)
 Alignments: Space 512K, Generation 512K, Heap 2M
 Heap Min Capacity: 100M
 Heap Initial Capacity: 100M
 Heap Max Capacity: 2G
 Pre-touch: Disabled
 Parallel Workers: 10
Heap:
 PSYoungGen      total 3072K, used 1382K [0x00000000d5580000, 0x00000000d5b00000, 0x0000000100000000)
  eden space 2560K, 42% used [0x00000000d5580000,0x00000000d5691a28,0x00000000d5800000)
  from space 512K, 56% used [0x00000000d5a00000,0x00000000d5a48000,0x00000000d5a80000)
  to   space 512K, 0% used [0x00000000d5a80000,0x00000000d5a80000,0x00000000d5b00000)
 ParOldGen       total 932864K, used 929369K [0x0000000080000000, 0x00000000b8f00000, 0x00000000d5580000)
  object space 932864K, 99% used [0x0000000080000000,0x00000000b8b96580,0x00000000b8f00000)
 Metaspace       used 81739K, committed 83392K, reserved 1179648K
  class space    used 8093K, committed 8896K, reserved 1048576K
GC Heap History (20 events):
Event: 8992.749 GC heap before
{Heap before GC invocations=1158 (full 5):
 PSYoungGen      total 3072K, used 2816K [0x00000000d5580000, 0x00000000d5b00000, 0x0000000100000000)
  eden space 2560K, 100% used [0x00000000d5580000,0x00000000d5800000,0x00000000d5800000)
  from space 512K, 50% used [0x00000000d5a00000,0x00000000d5a40000,0x00000000d5a80000)
  to   space 512K, 0% used [0x00000000d5a80000,0x00000000d5a80000,0x00000000d5b00000)
 ParOldGen       total 782336K, used 774825K [0x0000000080000000, 0x00000000afc00000, 0x00000000d5580000)
  object space 782336K, 99% used [0x0000000080000000,0x00000000af4aa490,0x00000000afc00000)
 Metaspace       used 81670K, committed 83328K, reserved 1179648K
  class space    used 8093K, committed 8896K, reserved 1048576K
}
Event: 8992.751 GC heap after
{Heap after GC invocations=1158 (full 5):
 PSYoungGen      total 3072K, used 256K [0x00000000d5580000, 0x00000000d5b00000, 0x0000000100000000)
  eden space 2560K, 0% used [0x00000000d5580000,0x00000000d5580000,0x00000000d5800000)
  from space 512K, 50% used [0x00000000d5a80000,0x00000000d5ac0000,0x00000000d5b00000)
  to   space 512K, 0% used [0x00000000d5a00000,0x00000000d5a00000,0x00000000d5a80000)
 ParOldGen       total 782336K, used 774937K [0x0000000080000000, 0x00000000afc00000, 0x00000000d5580000)
  object space 782336K, 99% used [0x0000000080000000,0x00000000af4c6490,0x00000000afc00000)
 Metaspace       used 81670K, committed 83328K, reserved 1179648K
  class space    used 8093K, committed 8896K, reserved 1048576K
}
Event: 8996.203 GC heap before
{Heap before GC invocations=1159 (full 5):
 PSYoungGen      total 3072K, used 2816K [0x00000000d5580000, 0x00000000d5b00000, 0x0000000100000000)
  eden space 2560K, 100% used [0x00000000d5580000,0x00000000d5800000,0x00000000d5800000)
  from space 512K, 50% used [0x00000000d5a80000,0x00000000d5ac0000,0x00000000d5b00000)
  to   space 512K, 0% used [0x00000000d5a00000,0x00000000d5a00000,0x00000000d5a80000)
 ParOldGen       total 782336K, used 774937K [0x0000000080000000, 0x00000000afc00000, 0x00000000d5580000)
  object space 782336K, 99% used [0x0000000080000000,0x00000000af4c6490,0x00000000afc00000)
 Metaspace       used 81675K, committed 83328K, reserved 1179648K
  class space    used 8093K, committed 8896K, reserved 1048576K
}
Event: 8996.206 GC heap after
{Heap after GC invocations=1159 (full 5):
 PSYoungGen      total 3072K, used 384K [0x00000000d5580000, 0x00000000d5b00000, 0x0000000100000000)
  eden space 2560K, 0% used [0x00000000d5580000,0x00000000d5580000,0x00000000d5800000)
  from space 512K, 75% used [0x00000000d5a00000,0x00000000d5a60000,0x00000000d5a80000)
  to   space 512K, 0% used [0x00000000d5a80000,0x00000000d5a80000,0x00000000d5b00000)
 ParOldGen       total 782336K, used 774993K [0x0000000080000000, 0x00000000afc00000, 0x00000000d5580000)
  object space 782336K, 99% used [0x0000000080000000,0x00000000af4d4490,0x00000000afc00000)
 Metaspace       used 81675K, committed 83328K, reserved 1179648K
  class space    used 8093K, committed 8896K, reserved 1048576K
}
Event: 9194.464 GC heap before
{Heap before GC invocations=1160 (full 5):
 PSYoungGen      total 3072K, used 2943K [0x00000000d5580000, 0x00000000d5b00000, 0x0000000100000000)
  eden space 2560K, 99% used [0x00000000d5580000,0x00000000d57ffff0,0x00000000d5800000)
  from space 512K, 75% used [0x00000000d5a00000,0x00000000d5a60000,0x00000000d5a80000)
  to   space 512K, 0% used [0x00000000d5a80000,0x00000000d5a80000,0x00000000d5b00000)
 ParOldGen       total 814080K, used 805713K [0x0000000080000000, 0x00000000b1b00000, 0x00000000d5580000)
  object space 814080K, 98% used [0x0000000080000000,0x00000000b12d44c0,0x00000000b1b00000)
 Metaspace       used 81678K, committed 83328K, reserved 1179648K
  class space    used 8093K, committed 8896K, reserved 1048576K
}
Event: 9194.469 GC heap after
{Heap after GC invocations=1160 (full 5):
 PSYoungGen      total 3072K, used 256K [0x00000000d5580000, 0x00000000d5b00000, 0x0000000100000000)
  eden space 2560K, 0% used [0x00000000d5580000,0x00000000d5580000,0x00000000d5800000)
  from space 512K, 50% used [0x00000000d5a80000,0x00000000d5ac0000,0x00000000d5b00000)
  to   space 512K, 0% used [0x00000000d5a00000,0x00000000d5a00000,0x00000000d5a80000)
 ParOldGen       total 814080K, used 805833K [0x0000000080000000, 0x00000000b1b00000, 0x00000000d5580000)
  object space 814080K, 98% used [0x0000000080000000,0x00000000b12f24c0,0x00000000b1b00000)
 Metaspace       used 81678K, committed 83328K, reserved 1179648K
  class space    used 8093K, committed 8896K, reserved 1048576K
}
Event: 11277.875 GC heap before
{Heap before GC invocations=1161 (full 5):
 PSYoungGen      total 3072K, used 2815K [0x00000000d5580000, 0x00000000d5b00000, 0x0000000100000000)
  eden space 2560K, 99% used [0x00000000d5580000,0x00000000d57fff58,0x00000000d5800000)
  from space 512K, 50% used [0x00000000d5a80000,0x00000000d5ac0000,0x00000000d5b00000)
  to   space 512K, 0% used [0x00000000d5a00000,0x00000000d5a00000,0x00000000d5a80000)
 ParOldGen       total 814080K, used 805833K [0x0000000080000000, 0x00000000b1b00000, 0x00000000d5580000)
  object space 814080K, 98% used [0x0000000080000000,0x00000000b12f24c0,0x00000000b1b00000)
 Metaspace       used 81690K, committed 83392K, reserved 1179648K
  class space    used 8093K, committed 8896K, reserved 1048576K
}
Event: 11277.884 GC heap after
{Heap after GC invocations=1161 (full 5):
 PSYoungGen      total 3072K, used 224K [0x00000000d5580000, 0x00000000d5b00000, 0x0000000100000000)
  eden space 2560K, 0% used [0x00000000d5580000,0x00000000d5580000,0x00000000d5800000)
  from space 512K, 43% used [0x00000000d5a00000,0x00000000d5a38000,0x00000000d5a80000)
  to   space 512K, 0% used [0x00000000d5a80000,0x00000000d5a80000,0x00000000d5b00000)
 ParOldGen       total 814080K, used 805897K [0x0000000080000000, 0x00000000b1b00000, 0x00000000d5580000)
  object space 814080K, 98% used [0x0000000080000000,0x00000000b13024c0,0x00000000b1b00000)
 Metaspace       used 81690K, committed 83392K, reserved 1179648K
  class space    used 8093K, committed 8896K, reserved 1048576K
}
Event: 11278.012 GC heap before
{Heap before GC invocations=1162 (full 5):
 PSYoungGen      total 3072K, used 2784K [0x00000000d5580000, 0x00000000d5b00000, 0x0000000100000000)
  eden space 2560K, 100% used [0x00000000d5580000,0x00000000d5800000,0x00000000d5800000)
  from space 512K, 43% used [0x00000000d5a00000,0x00000000d5a38000,0x00000000d5a80000)
  to   space 512K, 0% used [0x00000000d5a80000,0x00000000d5a80000,0x00000000d5b00000)
 ParOldGen       total 837632K, used 836617K [0x0000000080000000, 0x00000000b3200000, 0x00000000d5580000)
  object space 837632K, 99% used [0x0000000080000000,0x00000000b31024f0,0x00000000b3200000)
 Metaspace       used 81693K, committed 83392K, reserved 1179648K
  class space    used 8093K, committed 8896K, reserved 1048576K
}
Event: 11278.015 GC heap after
{Heap after GC invocations=1162 (full 5):
 PSYoungGen      total 3072K, used 288K [0x00000000d5580000, 0x00000000d5b00000, 0x0000000100000000)
  eden space 2560K, 0% used [0x00000000d5580000,0x00000000d5580000,0x00000000d5800000)
  from space 512K, 56% used [0x00000000d5a80000,0x00000000d5ac8000,0x00000000d5b00000)
  to   space 512K, 0% used [0x00000000d5a00000,0x00000000d5a00000,0x00000000d5a80000)
 ParOldGen       total 837632K, used 836745K [0x0000000080000000, 0x00000000b3200000, 0x00000000d5580000)
  object space 837632K, 99% used [0x0000000080000000,0x00000000b31224f0,0x00000000b3200000)
 Metaspace       used 81693K, committed 83392K, reserved 1179648K
  class space    used 8093K, committed 8896K, reserved 1048576K
}
Event: 11281.430 GC heap before
{Heap before GC invocations=1163 (full 5):
 PSYoungGen      total 3072K, used 2848K [0x00000000d5580000, 0x00000000d5b00000, 0x0000000100000000)
  eden space 2560K, 100% used [0x00000000d5580000,0x00000000d5800000,0x00000000d5800000)
  from space 512K, 56% used [0x00000000d5a80000,0x00000000d5ac8000,0x00000000d5b00000)
  to   space 512K, 0% used [0x00000000d5a00000,0x00000000d5a00000,0x00000000d5a80000)
 ParOldGen       total 837632K, used 836745K [0x0000000080000000, 0x00000000b3200000, 0x00000000d5580000)
  object space 837632K, 99% used [0x0000000080000000,0x00000000b31224f0,0x00000000b3200000)
 Metaspace       used 81695K, committed 83392K, reserved 1179648K
  class space    used 8093K, committed 8896K, reserved 1048576K
}
Event: 11281.434 GC heap after
{Heap after GC invocations=1163 (full 5):
 PSYoungGen      total 3072K, used 400K [0x00000000d5580000, 0x00000000d5b00000, 0x0000000100000000)
  eden space 2560K, 0% used [0x00000000d5580000,0x00000000d5580000,0x00000000d5800000)
  from space 512K, 78% used [0x00000000d5a00000,0x00000000d5a64030,0x00000000d5a80000)
  to   space 512K, 0% used [0x00000000d5a80000,0x00000000d5a80000,0x00000000d5b00000)
 ParOldGen       total 837632K, used 836817K [0x0000000080000000, 0x00000000b3200000, 0x00000000d5580000)
  object space 837632K, 99% used [0x0000000080000000,0x00000000b31344f0,0x00000000b3200000)
 Metaspace       used 81695K, committed 83392K, reserved 1179648K
  class space    used 8093K, committed 8896K, reserved 1048576K
}
Event: 11281.758 GC heap before
{Heap before GC invocations=1164 (full 5):
 PSYoungGen      total 3072K, used 2960K [0x00000000d5580000, 0x00000000d5b00000, 0x0000000100000000)
  eden space 2560K, 100% used [0x00000000d5580000,0x00000000d5800000,0x00000000d5800000)
  from space 512K, 78% used [0x00000000d5a00000,0x00000000d5a64030,0x00000000d5a80000)
  to   space 512K, 0% used [0x00000000d5a80000,0x00000000d5a80000,0x00000000d5b00000)
 ParOldGen       total 869376K, used 867537K [0x0000000080000000, 0x00000000b5100000, 0x00000000d5580000)
  object space 869376K, 99% used [0x0000000080000000,0x00000000b4f34520,0x00000000b5100000)
 Metaspace       used 81697K, committed 83392K, reserved 1179648K
  class space    used 8093K, committed 8896K, reserved 1048576K
}
Event: 11281.762 GC heap after
{Heap after GC invocations=1164 (full 5):
 PSYoungGen      total 3072K, used 192K [0x00000000d5580000, 0x00000000d5b00000, 0x0000000100000000)
  eden space 2560K, 0% used [0x00000000d5580000,0x00000000d5580000,0x00000000d5800000)
  from space 512K, 37% used [0x00000000d5a80000,0x00000000d5ab0000,0x00000000d5b00000)
  to   space 512K, 0% used [0x00000000d5a00000,0x00000000d5a00000,0x00000000d5a80000)
 ParOldGen       total 869376K, used 867649K [0x0000000080000000, 0x00000000b5100000, 0x00000000d5580000)
  object space 869376K, 99% used [0x0000000080000000,0x00000000b4f50520,0x00000000b5100000)
 Metaspace       used 81697K, committed 83392K, reserved 1179648K
  class space    used 8093K, committed 8896K, reserved 1048576K
}
Event: 11319.224 GC heap before
{Heap before GC invocations=1165 (full 5):
 PSYoungGen      total 3072K, used 2739K [0x00000000d5580000, 0x00000000d5b00000, 0x0000000100000000)
  eden space 2560K, 99% used [0x00000000d5580000,0x00000000d57fcc40,0x00000000d5800000)
  from space 512K, 37% used [0x00000000d5a80000,0x00000000d5ab0000,0x00000000d5b00000)
  to   space 512K, 0% used [0x00000000d5a00000,0x00000000d5a00000,0x00000000d5a80000)
 ParOldGen       total 869376K, used 867649K [0x0000000080000000, 0x00000000b5100000, 0x00000000d5580000)
  object space 869376K, 99% used [0x0000000080000000,0x00000000b4f50520,0x00000000b5100000)
 Metaspace       used 81706K, committed 83392K, reserved 1179648K
  class space    used 8093K, committed 8896K, reserved 1048576K
}
Event: 11319.227 GC heap after
{Heap after GC invocations=1165 (full 5):
 PSYoungGen      total 3072K, used 352K [0x00000000d5580000, 0x00000000d5b00000, 0x0000000100000000)
  eden space 2560K, 0% used [0x00000000d5580000,0x00000000d5580000,0x00000000d5800000)
  from space 512K, 68% used [0x00000000d5a00000,0x00000000d5a58000,0x00000000d5a80000)
  to   space 512K, 0% used [0x00000000d5a80000,0x00000000d5a80000,0x00000000d5b00000)
 ParOldGen       total 869376K, used 867729K [0x0000000080000000, 0x00000000b5100000, 0x00000000d5580000)
  object space 869376K, 99% used [0x0000000080000000,0x00000000b4f64520,0x00000000b5100000)
 Metaspace       used 81706K, committed 83392K, reserved 1179648K
  class space    used 8093K, committed 8896K, reserved 1048576K
}
Event: 11338.188 GC heap before
{Heap before GC invocations=1166 (full 5):
 PSYoungGen      total 3072K, used 2912K [0x00000000d5580000, 0x00000000d5b00000, 0x0000000100000000)
  eden space 2560K, 100% used [0x00000000d5580000,0x00000000d5800000,0x00000000d5800000)
  from space 512K, 68% used [0x00000000d5a00000,0x00000000d5a58000,0x00000000d5a80000)
  to   space 512K, 0% used [0x00000000d5a80000,0x00000000d5a80000,0x00000000d5b00000)
 ParOldGen       total 901120K, used 898449K [0x0000000080000000, 0x00000000b7000000, 0x00000000d5580000)
  object space 901120K, 99% used [0x0000000080000000,0x00000000b6d64550,0x00000000b7000000)
 Metaspace       used 81736K, committed 83392K, reserved 1179648K
  class space    used 8093K, committed 8896K, reserved 1048576K
}
Event: 11338.191 GC heap after
{Heap after GC invocations=1166 (full 5):
 PSYoungGen      total 3072K, used 256K [0x00000000d5580000, 0x00000000d5b00000, 0x0000000100000000)
  eden space 2560K, 0% used [0x00000000d5580000,0x00000000d5580000,0x00000000d5800000)
  from space 512K, 50% used [0x00000000d5a80000,0x00000000d5ac0000,0x00000000d5b00000)
  to   space 512K, 0% used [0x00000000d5a00000,0x00000000d5a00000,0x00000000d5a80000)
 ParOldGen       total 901120K, used 898561K [0x0000000080000000, 0x00000000b7000000, 0x00000000d5580000)
  object space 901120K, 99% used [0x0000000080000000,0x00000000b6d80550,0x00000000b7000000)
 Metaspace       used 81736K, committed 83392K, reserved 1179648K
  class space    used 8093K, committed 8896K, reserved 1048576K
}
Event: 11338.295 GC heap before
{Heap before GC invocations=1167 (full 5):
 PSYoungGen      total 3072K, used 2816K [0x00000000d5580000, 0x00000000d5b00000, 0x0000000100000000)
  eden space 2560K, 100% used [0x00000000d5580000,0x00000000d5800000,0x00000000d5800000)
  from space 512K, 50% used [0x00000000d5a80000,0x00000000d5ac0000,0x00000000d5b00000)
  to   space 512K, 0% used [0x00000000d5a00000,0x00000000d5a00000,0x00000000d5a80000)
 ParOldGen       total 932864K, used 929281K [0x0000000080000000, 0x00000000b8f00000, 0x00000000d5580000)
  object space 932864K, 99% used [0x0000000080000000,0x00000000b8b80580,0x00000000b8f00000)
 Metaspace       used 81738K, committed 83392K, reserved 1179648K
  class space    used 8093K, committed 8896K, reserved 1048576K
}
Event: 11338.298 GC heap after
{Heap after GC invocations=1167 (full 5):
 PSYoungGen      total 3072K, used 288K [0x00000000d5580000, 0x00000000d5b00000, 0x0000000100000000)
  eden space 2560K, 0% used [0x00000000d5580000,0x00000000d5580000,0x00000000d5800000)
  from space 512K, 56% used [0x00000000d5a00000,0x00000000d5a48000,0x00000000d5a80000)
  to   space 512K, 0% used [0x00000000d5a80000,0x00000000d5a80000,0x00000000d5b00000)
 ParOldGen       total 932864K, used 929369K [0x0000000080000000, 0x00000000b8f00000, 0x00000000d5580000)
  object space 932864K, 99% used [0x0000000080000000,0x00000000b8b96580,0x00000000b8f00000)
 Metaspace       used 81738K, committed 83392K, reserved 1179648K
  class space    used 8093K, committed 8896K, reserved 1048576K
}

